2023/11/26 10:54:35 [notice] 1#1: using the "epoll" event method
2023/11/26 10:54:35 [notice] 1#1: nginx/1.24.0
2023/11/26 10:54:35 [notice] 1#1: built by gcc 10.2.1 20210110 (Debian 10.2.1-6) 
2023/11/26 10:54:35 [notice] 1#1: OS: Linux 6.2.0-36-generic
2023/11/26 10:54:35 [notice] 1#1: getrlimit(RLIMIT_NOFILE): 1048576:1048576
2023/11/26 10:54:35 [notice] 1#1: start worker processes
2023/11/26 10:54:35 [notice] 1#1: start worker process 29
2023/11/26 10:54:35 [notice] 1#1: start worker process 30
2023/11/26 10:54:35 [notice] 1#1: start worker process 31
2023/11/26 10:54:35 [notice] 1#1: start worker process 32
2023/11/26 10:54:35 [notice] 1#1: start worker process 33
2023/11/26 10:54:35 [notice] 1#1: start worker process 34
2023/11/26 10:54:35 [notice] 1#1: start worker process 35
2023/11/26 10:54:35 [notice] 1#1: start worker process 36
2023/11/26 10:54:35 [notice] 1#1: start worker process 37
2023/11/26 10:54:35 [notice] 1#1: start worker process 38
2023/11/26 10:54:35 [notice] 1#1: start worker process 39
2023/11/26 10:54:35 [notice] 1#1: start worker process 40
2023/11/26 10:54:48 [error] 29#29: *1 open() "/usr/share/nginx/html/index.php" failed (2: No such file or directory), client: 172.22.0.1, server: localhost, request: "GET /index.php HTTP/1.1", host: "localhost"
2023/11/26 10:54:49 [error] 29#29: *1 open() "/usr/share/nginx/html/index.php" failed (2: No such file or directory), client: 172.22.0.1, server: localhost, request: "GET /index.php HTTP/1.1", host: "localhost"
2023/11/26 10:54:49 [error] 29#29: *1 open() "/usr/share/nginx/html/index.php" failed (2: No such file or directory), client: 172.22.0.1, server: localhost, request: "GET /index.php HTTP/1.1", host: "localhost"
2023/11/26 10:56:09 [error] 31#31: *2 open() "/usr/share/nginx/html/index" failed (2: No such file or directory), client: 172.22.0.1, server: localhost, request: "GET /index HTTP/1.1", host: "localhost"
2023/11/26 10:56:12 [error] 31#31: *2 open() "/usr/share/nginx/html/index.php" failed (2: No such file or directory), client: 172.22.0.1, server: localhost, request: "GET /index.php HTTP/1.1", host: "localhost"
2023/11/26 11:01:05 [notice] 1#1: signal 3 (SIGQUIT) received, shutting down
2023/11/26 11:01:05 [notice] 31#31: gracefully shutting down
2023/11/26 11:01:05 [notice] 29#29: gracefully shutting down
2023/11/26 11:01:05 [notice] 33#33: gracefully shutting down
2023/11/26 11:01:05 [notice] 32#32: gracefully shutting down
2023/11/26 11:01:05 [notice] 31#31: exiting
2023/11/26 11:01:05 [notice] 34#34: gracefully shutting down
2023/11/26 11:01:05 [notice] 30#30: gracefully shutting down
2023/11/26 11:01:05 [notice] 36#36: gracefully shutting down
2023/11/26 11:01:05 [notice] 35#35: gracefully shutting down
2023/11/26 11:01:05 [notice] 29#29: exiting
2023/11/26 11:01:05 [notice] 33#33: exiting
2023/11/26 11:01:05 [notice] 32#32: exiting
2023/11/26 11:01:05 [notice] 37#37: gracefully shutting down
2023/11/26 11:01:05 [notice] 34#34: exiting
2023/11/26 11:01:05 [notice] 38#38: gracefully shutting down
2023/11/26 11:01:05 [notice] 37#37: exiting
2023/11/26 11:01:05 [notice] 31#31: exit
2023/11/26 11:01:05 [notice] 30#30: exiting
2023/11/26 11:01:05 [notice] 36#36: exiting
2023/11/26 11:01:05 [notice] 35#35: exiting
2023/11/26 11:01:05 [notice] 33#33: exit
2023/11/26 11:01:05 [notice] 38#38: exiting
2023/11/26 11:01:05 [notice] 32#32: exit
2023/11/26 11:01:05 [notice] 29#29: exit
2023/11/26 11:01:05 [notice] 34#34: exit
2023/11/26 11:01:05 [notice] 37#37: exit
2023/11/26 11:01:05 [notice] 38#38: exit
2023/11/26 11:01:05 [notice] 30#30: exit
2023/11/26 11:01:05 [notice] 36#36: exit
2023/11/26 11:01:05 [notice] 35#35: exit
2023/11/26 11:01:05 [notice] 40#40: gracefully shutting down
2023/11/26 11:01:05 [notice] 40#40: exiting
2023/11/26 11:01:05 [notice] 39#39: gracefully shutting down
2023/11/26 11:01:05 [notice] 39#39: exiting
2023/11/26 11:01:05 [notice] 40#40: exit
2023/11/26 11:01:05 [notice] 39#39: exit
2023/11/26 11:01:05 [notice] 1#1: signal 17 (SIGCHLD) received from 31
2023/11/26 11:01:05 [notice] 1#1: worker process 31 exited with code 0
2023/11/26 11:01:05 [notice] 1#1: signal 29 (SIGIO) received
2023/11/26 11:01:05 [notice] 1#1: signal 17 (SIGCHLD) received from 37
2023/11/26 11:01:05 [notice] 1#1: worker process 37 exited with code 0
2023/11/26 11:01:05 [notice] 1#1: signal 29 (SIGIO) received
2023/11/26 11:01:05 [notice] 1#1: signal 17 (SIGCHLD) received from 33
2023/11/26 11:01:05 [notice] 1#1: worker process 33 exited with code 0
2023/11/26 11:01:05 [notice] 1#1: signal 29 (SIGIO) received
2023/11/26 11:01:05 [notice] 1#1: signal 17 (SIGCHLD) received from 36
2023/11/26 11:01:05 [notice] 1#1: worker process 30 exited with code 0
2023/11/26 11:01:05 [notice] 1#1: worker process 36 exited with code 0
2023/11/26 11:01:05 [notice] 1#1: signal 29 (SIGIO) received
2023/11/26 11:01:05 [notice] 1#1: signal 17 (SIGCHLD) received from 30
2023/11/26 11:01:05 [notice] 1#1: signal 17 (SIGCHLD) received from 29
2023/11/26 11:01:05 [notice] 1#1: worker process 29 exited with code 0
2023/11/26 11:01:05 [notice] 1#1: signal 29 (SIGIO) received
2023/11/26 11:01:05 [notice] 1#1: signal 17 (SIGCHLD) received from 40
2023/11/26 11:01:05 [notice] 1#1: worker process 40 exited with code 0
2023/11/26 11:01:05 [notice] 1#1: signal 29 (SIGIO) received
2023/11/26 11:01:05 [notice] 1#1: signal 17 (SIGCHLD) received from 34
2023/11/26 11:01:05 [notice] 1#1: worker process 34 exited with code 0
2023/11/26 11:01:05 [notice] 1#1: signal 29 (SIGIO) received
2023/11/26 11:01:05 [notice] 1#1: signal 17 (SIGCHLD) received from 35
2023/11/26 11:01:05 [notice] 1#1: worker process 35 exited with code 0
2023/11/26 11:01:05 [notice] 1#1: signal 29 (SIGIO) received
2023/11/26 11:01:05 [notice] 1#1: signal 17 (SIGCHLD) received from 38
2023/11/26 11:01:05 [notice] 1#1: worker process 38 exited with code 0
2023/11/26 11:01:05 [notice] 1#1: signal 29 (SIGIO) received
2023/11/26 11:01:05 [notice] 1#1: signal 17 (SIGCHLD) received from 32
2023/11/26 11:01:05 [notice] 1#1: worker process 32 exited with code 0
2023/11/26 11:01:05 [notice] 1#1: signal 29 (SIGIO) received
2023/11/26 11:01:05 [notice] 1#1: signal 17 (SIGCHLD) received from 39
2023/11/26 11:01:05 [notice] 1#1: worker process 39 exited with code 0
2023/11/26 11:01:05 [notice] 1#1: exit
2023/11/26 11:04:30 [notice] 1#1: using the "epoll" event method
2023/11/26 11:04:30 [notice] 1#1: nginx/1.24.0
2023/11/26 11:04:30 [notice] 1#1: built by gcc 10.2.1 20210110 (Debian 10.2.1-6) 
2023/11/26 11:04:30 [notice] 1#1: OS: Linux 6.2.0-36-generic
2023/11/26 11:04:30 [notice] 1#1: getrlimit(RLIMIT_NOFILE): 1048576:1048576
2023/11/26 11:04:30 [notice] 1#1: start worker processes
2023/11/26 11:04:30 [notice] 1#1: start worker process 30
2023/11/26 11:04:30 [notice] 1#1: start worker process 31
2023/11/26 11:04:30 [notice] 1#1: start worker process 32
2023/11/26 11:04:30 [notice] 1#1: start worker process 33
2023/11/26 11:04:30 [notice] 1#1: start worker process 34
2023/11/26 11:04:30 [notice] 1#1: start worker process 35
2023/11/26 11:04:30 [notice] 1#1: start worker process 36
2023/11/26 11:04:30 [notice] 1#1: start worker process 37
2023/11/26 11:04:30 [notice] 1#1: start worker process 38
2023/11/26 11:04:30 [notice] 1#1: start worker process 39
2023/11/26 11:04:30 [notice] 1#1: start worker process 40
2023/11/26 11:04:30 [notice] 1#1: start worker process 41
2023/11/26 11:04:35 [error] 30#30: *1 open() "/usr/share/nginx/html/index.php" failed (2: No such file or directory), client: 172.23.0.1, server: localhost, request: "GET /index.php HTTP/1.1", host: "localhost"
2023/11/26 11:04:35 [error] 30#30: *1 open() "/usr/share/nginx/html/favicon.ico" failed (2: No such file or directory), client: 172.23.0.1, server: localhost, request: "GET /favicon.ico HTTP/1.1", host: "localhost", referrer: "http://localhost/index.php"
2023/11/26 11:04:35 [error] 30#30: *1 open() "/usr/share/nginx/html/index.php" failed (2: No such file or directory), client: 172.23.0.1, server: localhost, request: "GET /index.php HTTP/1.1", host: "localhost"
2023/11/26 11:04:36 [error] 30#30: *1 open() "/usr/share/nginx/html/index.php" failed (2: No such file or directory), client: 172.23.0.1, server: localhost, request: "GET /index.php HTTP/1.1", host: "localhost"
2023/11/26 11:04:36 [error] 30#30: *1 open() "/usr/share/nginx/html/index.php" failed (2: No such file or directory), client: 172.23.0.1, server: localhost, request: "GET /index.php HTTP/1.1", host: "localhost"
2023/11/26 11:04:36 [error] 30#30: *1 open() "/usr/share/nginx/html/index.php" failed (2: No such file or directory), client: 172.23.0.1, server: localhost, request: "GET /index.php HTTP/1.1", host: "localhost"
2023/11/26 11:04:36 [error] 30#30: *1 open() "/usr/share/nginx/html/index.php" failed (2: No such file or directory), client: 172.23.0.1, server: localhost, request: "GET /index.php HTTP/1.1", host: "localhost"
2023/11/26 11:04:40 [error] 31#31: *2 open() "/usr/share/nginx/html/index.php" failed (2: No such file or directory), client: 172.23.0.1, server: localhost, request: "GET /index.php HTTP/1.1", host: "localhost"
2023/11/26 11:04:40 [error] 31#31: *2 open() "/usr/share/nginx/html/favicon.ico" failed (2: No such file or directory), client: 172.23.0.1, server: localhost, request: "GET /favicon.ico HTTP/1.1", host: "localhost", referrer: "http://localhost/index.php"
2023/11/26 11:04:41 [error] 31#31: *2 open() "/usr/share/nginx/html/index.php" failed (2: No such file or directory), client: 172.23.0.1, server: localhost, request: "GET /index.php HTTP/1.1", host: "localhost"
2023/11/26 11:04:41 [error] 31#31: *2 open() "/usr/share/nginx/html/index.php" failed (2: No such file or directory), client: 172.23.0.1, server: localhost, request: "GET /index.php HTTP/1.1", host: "localhost"
2023/11/26 11:04:41 [error] 31#31: *2 open() "/usr/share/nginx/html/index.php" failed (2: No such file or directory), client: 172.23.0.1, server: localhost, request: "GET /index.php HTTP/1.1", host: "localhost"
2023/11/26 11:04:41 [error] 31#31: *2 open() "/usr/share/nginx/html/index.php" failed (2: No such file or directory), client: 172.23.0.1, server: localhost, request: "GET /index.php HTTP/1.1", host: "localhost"
2023/11/26 11:04:41 [error] 31#31: *2 open() "/usr/share/nginx/html/index.php" failed (2: No such file or directory), client: 172.23.0.1, server: localhost, request: "GET /index.php HTTP/1.1", host: "localhost"
2023/11/26 11:04:41 [error] 31#31: *2 open() "/usr/share/nginx/html/index.php" failed (2: No such file or directory), client: 172.23.0.1, server: localhost, request: "GET /index.php HTTP/1.1", host: "localhost"
2023/11/26 11:04:44 [error] 31#31: *2 open() "/usr/share/nginx/html/index.php" failed (2: No such file or directory), client: 172.23.0.1, server: localhost, request: "GET /index.php HTTP/1.1", host: "localhost"
2023/11/26 11:04:44 [error] 31#31: *2 open() "/usr/share/nginx/html/index.php" failed (2: No such file or directory), client: 172.23.0.1, server: localhost, request: "GET /index.php HTTP/1.1", host: "localhost"
2023/11/26 11:07:45 [notice] 1#1: signal 3 (SIGQUIT) received, shutting down
2023/11/26 11:07:45 [notice] 30#30: gracefully shutting down
2023/11/26 11:07:45 [notice] 31#31: gracefully shutting down
2023/11/26 11:07:45 [notice] 33#33: gracefully shutting down
2023/11/26 11:07:45 [notice] 34#34: gracefully shutting down
2023/11/26 11:07:45 [notice] 32#32: gracefully shutting down
2023/11/26 11:07:45 [notice] 30#30: exiting
2023/11/26 11:07:45 [notice] 31#31: exiting
2023/11/26 11:07:45 [notice] 33#33: exiting
2023/11/26 11:07:45 [notice] 34#34: exiting
2023/11/26 11:07:45 [notice] 32#32: exiting
2023/11/26 11:07:45 [notice] 31#31: exit
2023/11/26 11:07:45 [notice] 30#30: exit
2023/11/26 11:07:45 [notice] 33#33: exit
2023/11/26 11:07:45 [notice] 34#34: exit
2023/11/26 11:07:45 [notice] 32#32: exit
2023/11/26 11:07:45 [notice] 38#38: gracefully shutting down
2023/11/26 11:07:45 [notice] 36#36: gracefully shutting down
2023/11/26 11:07:45 [notice] 41#41: gracefully shutting down
2023/11/26 11:07:45 [notice] 39#39: gracefully shutting down
2023/11/26 11:07:45 [notice] 35#35: gracefully shutting down
2023/11/26 11:07:45 [notice] 38#38: exiting
2023/11/26 11:07:45 [notice] 37#37: gracefully shutting down
2023/11/26 11:07:45 [notice] 36#36: exiting
2023/11/26 11:07:45 [notice] 41#41: exiting
2023/11/26 11:07:45 [notice] 39#39: exiting
2023/11/26 11:07:45 [notice] 35#35: exiting
2023/11/26 11:07:45 [notice] 40#40: gracefully shutting down
2023/11/26 11:07:45 [notice] 37#37: exiting
2023/11/26 11:07:45 [notice] 38#38: exit
2023/11/26 11:07:45 [notice] 40#40: exiting
2023/11/26 11:07:45 [notice] 35#35: exit
2023/11/26 11:07:45 [notice] 39#39: exit
2023/11/26 11:07:45 [notice] 41#41: exit
2023/11/26 11:07:45 [notice] 37#37: exit
2023/11/26 11:07:45 [notice] 36#36: exit
2023/11/26 11:07:45 [notice] 40#40: exit
2023/11/26 11:07:45 [notice] 1#1: signal 17 (SIGCHLD) received from 38
2023/11/26 11:07:45 [notice] 1#1: worker process 31 exited with code 0
2023/11/26 11:07:45 [notice] 1#1: worker process 34 exited with code 0
2023/11/26 11:07:45 [notice] 1#1: worker process 38 exited with code 0
2023/11/26 11:07:45 [notice] 1#1: signal 29 (SIGIO) received
2023/11/26 11:07:45 [notice] 1#1: signal 17 (SIGCHLD) received from 31
2023/11/26 11:07:45 [notice] 1#1: signal 17 (SIGCHLD) received from 35
2023/11/26 11:07:45 [notice] 1#1: worker process 35 exited with code 0
2023/11/26 11:07:45 [notice] 1#1: signal 29 (SIGIO) received
2023/11/26 11:07:45 [notice] 1#1: signal 17 (SIGCHLD) received from 39
2023/11/26 11:07:45 [notice] 1#1: worker process 39 exited with code 0
2023/11/26 11:07:45 [notice] 1#1: signal 29 (SIGIO) received
2023/11/26 11:07:45 [notice] 1#1: signal 17 (SIGCHLD) received from 30
2023/11/26 11:07:45 [notice] 1#1: worker process 30 exited with code 0
2023/11/26 11:07:45 [notice] 1#1: worker process 33 exited with code 0
2023/11/26 11:07:45 [notice] 1#1: signal 29 (SIGIO) received
2023/11/26 11:07:45 [notice] 1#1: signal 17 (SIGCHLD) received from 33
2023/11/26 11:07:45 [notice] 1#1: signal 17 (SIGCHLD) received from 36
2023/11/26 11:07:45 [notice] 1#1: worker process 36 exited with code 0
2023/11/26 11:07:45 [notice] 1#1: signal 29 (SIGIO) received
2023/11/26 11:07:45 [notice] 1#1: signal 17 (SIGCHLD) received from 37
2023/11/26 11:07:45 [notice] 1#1: worker process 32 exited with code 0
2023/11/26 11:07:45 [notice] 1#1: worker process 37 exited with code 0
2023/11/26 11:07:45 [notice] 1#1: signal 29 (SIGIO) received
2023/11/26 11:07:45 [notice] 1#1: signal 17 (SIGCHLD) received from 32
2023/11/26 11:07:45 [notice] 1#1: worker process 41 exited with code 0
2023/11/26 11:07:45 [notice] 1#1: signal 29 (SIGIO) received
2023/11/26 11:07:45 [notice] 1#1: signal 17 (SIGCHLD) received from 41
2023/11/26 11:07:45 [notice] 1#1: signal 17 (SIGCHLD) received from 40
2023/11/26 11:07:45 [notice] 1#1: worker process 40 exited with code 0
2023/11/26 11:07:45 [notice] 1#1: exit
2023/11/26 11:12:12 [notice] 1#1: using the "epoll" event method
2023/11/26 11:12:12 [notice] 1#1: nginx/1.24.0
2023/11/26 11:12:12 [notice] 1#1: built by gcc 10.2.1 20210110 (Debian 10.2.1-6) 
2023/11/26 11:12:12 [notice] 1#1: OS: Linux 6.2.0-36-generic
2023/11/26 11:12:12 [notice] 1#1: getrlimit(RLIMIT_NOFILE): 1048576:1048576
2023/11/26 11:12:12 [notice] 1#1: start worker processes
2023/11/26 11:12:12 [notice] 1#1: start worker process 30
2023/11/26 11:12:12 [notice] 1#1: start worker process 31
2023/11/26 11:12:12 [notice] 1#1: start worker process 32
2023/11/26 11:12:12 [notice] 1#1: start worker process 33
2023/11/26 11:12:12 [notice] 1#1: start worker process 34
2023/11/26 11:12:12 [notice] 1#1: start worker process 35
2023/11/26 11:12:12 [notice] 1#1: start worker process 36
2023/11/26 11:12:12 [notice] 1#1: start worker process 37
2023/11/26 11:12:12 [notice] 1#1: start worker process 38
2023/11/26 11:12:12 [notice] 1#1: start worker process 39
2023/11/26 11:12:12 [notice] 1#1: start worker process 40
2023/11/26 11:12:12 [notice] 1#1: start worker process 41
2023/11/26 11:12:42 [error] 30#30: *1 directory index of "/usr/share/nginx/html/" is forbidden, client: 172.24.0.1, server: localhost, request: "GET / HTTP/1.1", host: "localhost"
2023/11/26 11:12:42 [error] 30#30: *1 open() "/usr/share/nginx/html/favicon.ico" failed (2: No such file or directory), client: 172.24.0.1, server: localhost, request: "GET /favicon.ico HTTP/1.1", host: "localhost", referrer: "http://localhost/"
2023/11/26 11:12:54 [notice] 1#1: signal 3 (SIGQUIT) received, shutting down
2023/11/26 11:12:54 [notice] 30#30: gracefully shutting down
2023/11/26 11:12:54 [notice] 32#32: gracefully shutting down
2023/11/26 11:12:54 [notice] 31#31: gracefully shutting down
2023/11/26 11:12:54 [notice] 37#37: gracefully shutting down
2023/11/26 11:12:54 [notice] 32#32: exiting
2023/11/26 11:12:54 [notice] 31#31: exiting
2023/11/26 11:12:54 [notice] 37#37: exiting
2023/11/26 11:12:54 [notice] 41#41: gracefully shutting down
2023/11/26 11:12:54 [notice] 35#35: gracefully shutting down
2023/11/26 11:12:54 [notice] 41#41: exiting
2023/11/26 11:12:54 [notice] 30#30: exiting
2023/11/26 11:12:54 [notice] 33#33: gracefully shutting down
2023/11/26 11:12:54 [notice] 32#32: exit
2023/11/26 11:12:54 [notice] 37#37: exit
2023/11/26 11:12:54 [notice] 35#35: exiting
2023/11/26 11:12:54 [notice] 33#33: exiting
2023/11/26 11:12:54 [notice] 41#41: exit
2023/11/26 11:12:54 [notice] 31#31: exit
2023/11/26 11:12:54 [notice] 33#33: exit
2023/11/26 11:12:54 [notice] 30#30: exit
2023/11/26 11:12:54 [notice] 35#35: exit
2023/11/26 11:12:54 [notice] 34#34: gracefully shutting down
2023/11/26 11:12:54 [notice] 38#38: gracefully shutting down
2023/11/26 11:12:54 [notice] 34#34: exiting
2023/11/26 11:12:54 [notice] 38#38: exiting
2023/11/26 11:12:54 [notice] 36#36: gracefully shutting down
2023/11/26 11:12:54 [notice] 36#36: exiting
2023/11/26 11:12:54 [notice] 34#34: exit
2023/11/26 11:12:54 [notice] 38#38: exit
2023/11/26 11:12:54 [notice] 36#36: exit
2023/11/26 11:12:54 [notice] 39#39: gracefully shutting down
2023/11/26 11:12:54 [notice] 40#40: gracefully shutting down
2023/11/26 11:12:54 [notice] 39#39: exiting
2023/11/26 11:12:54 [notice] 40#40: exiting
2023/11/26 11:12:54 [notice] 40#40: exit
2023/11/26 11:12:54 [notice] 39#39: exit
2023/11/26 11:12:54 [notice] 1#1: signal 17 (SIGCHLD) received from 35
2023/11/26 11:12:54 [notice] 1#1: worker process 35 exited with code 0
2023/11/26 11:12:54 [notice] 1#1: signal 29 (SIGIO) received
2023/11/26 11:12:54 [notice] 1#1: signal 17 (SIGCHLD) received from 32
2023/11/26 11:12:54 [notice] 1#1: worker process 30 exited with code 0
2023/11/26 11:12:54 [notice] 1#1: worker process 32 exited with code 0
2023/11/26 11:12:54 [notice] 1#1: worker process 37 exited with code 0
2023/11/26 11:12:54 [notice] 1#1: worker process 38 exited with code 0
2023/11/26 11:12:54 [notice] 1#1: worker process 39 exited with code 0
2023/11/26 11:12:54 [notice] 1#1: signal 29 (SIGIO) received
2023/11/26 11:12:54 [notice] 1#1: signal 17 (SIGCHLD) received from 30
2023/11/26 11:12:54 [notice] 1#1: signal 17 (SIGCHLD) received from 31
2023/11/26 11:12:54 [notice] 1#1: worker process 31 exited with code 0
2023/11/26 11:12:54 [notice] 1#1: signal 29 (SIGIO) received
2023/11/26 11:12:54 [notice] 1#1: signal 17 (SIGCHLD) received from 34
2023/11/26 11:12:54 [notice] 1#1: worker process 34 exited with code 0
2023/11/26 11:12:54 [notice] 1#1: signal 29 (SIGIO) received
2023/11/26 11:12:54 [notice] 1#1: signal 17 (SIGCHLD) received from 41
2023/11/26 11:12:54 [notice] 1#1: worker process 41 exited with code 0
2023/11/26 11:12:54 [notice] 1#1: signal 29 (SIGIO) received
2023/11/26 11:12:54 [notice] 1#1: signal 17 (SIGCHLD) received from 40
2023/11/26 11:12:54 [notice] 1#1: worker process 40 exited with code 0
2023/11/26 11:12:54 [notice] 1#1: signal 29 (SIGIO) received
2023/11/26 11:12:54 [notice] 1#1: signal 17 (SIGCHLD) received from 36
2023/11/26 11:12:54 [notice] 1#1: worker process 33 exited with code 0
2023/11/26 11:12:54 [notice] 1#1: worker process 36 exited with code 0
2023/11/26 11:12:54 [notice] 1#1: exit
2023/11/26 11:16:45 [notice] 1#1: using the "epoll" event method
2023/11/26 11:16:45 [notice] 1#1: nginx/1.24.0
2023/11/26 11:16:45 [notice] 1#1: built by gcc 10.2.1 20210110 (Debian 10.2.1-6) 
2023/11/26 11:16:45 [notice] 1#1: OS: Linux 6.2.0-36-generic
2023/11/26 11:16:45 [notice] 1#1: getrlimit(RLIMIT_NOFILE): 1048576:1048576
2023/11/26 11:16:45 [notice] 1#1: start worker processes
2023/11/26 11:16:45 [notice] 1#1: start worker process 29
2023/11/26 11:16:45 [notice] 1#1: start worker process 30
2023/11/26 11:16:45 [notice] 1#1: start worker process 31
2023/11/26 11:16:45 [notice] 1#1: start worker process 32
2023/11/26 11:16:45 [notice] 1#1: start worker process 33
2023/11/26 11:16:45 [notice] 1#1: start worker process 34
2023/11/26 11:16:45 [notice] 1#1: start worker process 35
2023/11/26 11:16:45 [notice] 1#1: start worker process 36
2023/11/26 11:16:45 [notice] 1#1: start worker process 37
2023/11/26 11:16:45 [notice] 1#1: start worker process 38
2023/11/26 11:16:45 [notice] 1#1: start worker process 39
2023/11/26 11:16:45 [notice] 1#1: start worker process 40
2023/11/26 11:17:30 [error] 29#29: *1 directory index of "/usr/share/nginx/html/" is forbidden, client: 172.25.0.1, server: localhost, request: "GET / HTTP/1.1", host: "localhost"
2023/11/26 11:17:30 [error] 29#29: *1 open() "/usr/share/nginx/html/favicon.ico" failed (2: No such file or directory), client: 172.25.0.1, server: localhost, request: "GET /favicon.ico HTTP/1.1", host: "localhost", referrer: "http://localhost/"
2023/11/26 11:20:07 [notice] 1#1: signal 3 (SIGQUIT) received, shutting down
2023/11/26 11:20:07 [notice] 30#30: gracefully shutting down
2023/11/26 11:20:07 [notice] 30#30: exiting
2023/11/26 11:20:07 [notice] 31#31: gracefully shutting down
2023/11/26 11:20:07 [notice] 36#36: gracefully shutting down
2023/11/26 11:20:07 [notice] 38#38: gracefully shutting down
2023/11/26 11:20:07 [notice] 31#31: exiting
2023/11/26 11:20:07 [notice] 36#36: exiting
2023/11/26 11:20:07 [notice] 38#38: exiting
2023/11/26 11:20:07 [notice] 30#30: exit
2023/11/26 11:20:07 [notice] 38#38: exit
2023/11/26 11:20:07 [notice] 31#31: exit
2023/11/26 11:20:07 [notice] 36#36: exit
2023/11/26 11:20:07 [notice] 29#29: gracefully shutting down
2023/11/26 11:20:07 [notice] 40#40: gracefully shutting down
2023/11/26 11:20:07 [notice] 33#33: gracefully shutting down
2023/11/26 11:20:07 [notice] 29#29: exiting
2023/11/26 11:20:07 [notice] 39#39: gracefully shutting down
2023/11/26 11:20:07 [notice] 40#40: exiting
2023/11/26 11:20:07 [notice] 33#33: exiting
2023/11/26 11:20:07 [notice] 39#39: exiting
2023/11/26 11:20:07 [notice] 29#29: exit
2023/11/26 11:20:07 [notice] 40#40: exit
2023/11/26 11:20:07 [notice] 33#33: exit
2023/11/26 11:20:07 [notice] 34#34: gracefully shutting down
2023/11/26 11:20:07 [notice] 32#32: gracefully shutting down
2023/11/26 11:20:07 [notice] 34#34: exiting
2023/11/26 11:20:07 [notice] 32#32: exiting
2023/11/26 11:20:07 [notice] 39#39: exit
2023/11/26 11:20:07 [notice] 34#34: exit
2023/11/26 11:20:07 [notice] 32#32: exit
2023/11/26 11:20:07 [notice] 35#35: gracefully shutting down
2023/11/26 11:20:07 [notice] 35#35: exiting
2023/11/26 11:20:07 [notice] 35#35: exit
2023/11/26 11:20:07 [notice] 37#37: gracefully shutting down
2023/11/26 11:20:07 [notice] 37#37: exiting
2023/11/26 11:20:07 [notice] 37#37: exit
2023/11/26 11:20:07 [notice] 1#1: signal 17 (SIGCHLD) received from 30
2023/11/26 11:20:07 [notice] 1#1: worker process 30 exited with code 0
2023/11/26 11:20:07 [notice] 1#1: worker process 33 exited with code 0
2023/11/26 11:20:07 [notice] 1#1: worker process 35 exited with code 0
2023/11/26 11:20:07 [notice] 1#1: worker process 36 exited with code 0
2023/11/26 11:20:07 [notice] 1#1: worker process 38 exited with code 0
2023/11/26 11:20:07 [notice] 1#1: worker process 40 exited with code 0
2023/11/26 11:20:07 [notice] 1#1: signal 29 (SIGIO) received
2023/11/26 11:20:07 [notice] 1#1: signal 17 (SIGCHLD) received from 35
2023/11/26 11:20:07 [notice] 1#1: signal 17 (SIGCHLD) received from 34
2023/11/26 11:20:07 [notice] 1#1: worker process 34 exited with code 0
2023/11/26 11:20:07 [notice] 1#1: worker process 29 exited with code 0
2023/11/26 11:20:07 [notice] 1#1: worker process 37 exited with code 0
2023/11/26 11:20:07 [notice] 1#1: signal 29 (SIGIO) received
2023/11/26 11:20:07 [notice] 1#1: signal 17 (SIGCHLD) received from 29
2023/11/26 11:20:07 [notice] 1#1: signal 17 (SIGCHLD) received from 31
2023/11/26 11:20:07 [notice] 1#1: worker process 31 exited with code 0
2023/11/26 11:20:07 [notice] 1#1: signal 29 (SIGIO) received
2023/11/26 11:20:07 [notice] 1#1: signal 17 (SIGCHLD) received from 32
2023/11/26 11:20:07 [notice] 1#1: worker process 32 exited with code 0
2023/11/26 11:20:07 [notice] 1#1: signal 29 (SIGIO) received
2023/11/26 11:20:07 [notice] 1#1: signal 17 (SIGCHLD) received from 39
2023/11/26 11:20:07 [notice] 1#1: worker process 39 exited with code 0
2023/11/26 11:20:07 [notice] 1#1: exit
2023/11/26 11:20:54 [notice] 1#1: using the "epoll" event method
2023/11/26 11:20:54 [notice] 1#1: nginx/1.24.0
2023/11/26 11:20:54 [notice] 1#1: built by gcc 10.2.1 20210110 (Debian 10.2.1-6) 
2023/11/26 11:20:54 [notice] 1#1: OS: Linux 6.2.0-36-generic
2023/11/26 11:20:54 [notice] 1#1: getrlimit(RLIMIT_NOFILE): 1048576:1048576
2023/11/26 11:20:54 [notice] 1#1: start worker processes
2023/11/26 11:20:54 [notice] 1#1: start worker process 29
2023/11/26 11:20:54 [notice] 1#1: start worker process 30
2023/11/26 11:20:54 [notice] 1#1: start worker process 31
2023/11/26 11:20:54 [notice] 1#1: start worker process 32
2023/11/26 11:20:54 [notice] 1#1: start worker process 33
2023/11/26 11:20:54 [notice] 1#1: start worker process 34
2023/11/26 11:20:54 [notice] 1#1: start worker process 35
2023/11/26 11:20:54 [notice] 1#1: start worker process 36
2023/11/26 11:20:54 [notice] 1#1: start worker process 37
2023/11/26 11:20:54 [notice] 1#1: start worker process 38
2023/11/26 11:20:54 [notice] 1#1: start worker process 39
2023/11/26 11:20:54 [notice] 1#1: start worker process 40
2023/11/26 11:21:22 [error] 30#30: *1 directory index of "/usr/share/nginx/html/" is forbidden, client: 172.26.0.1, server: localhost, request: "GET / HTTP/1.1", host: "localhost"
2023/11/26 11:21:23 [error] 30#30: *1 open() "/usr/share/nginx/html/favicon.ico" failed (2: No such file or directory), client: 172.26.0.1, server: localhost, request: "GET /favicon.ico HTTP/1.1", host: "localhost", referrer: "http://localhost/"
2023/11/26 11:21:24 [error] 30#30: *1 directory index of "/usr/share/nginx/html/" is forbidden, client: 172.26.0.1, server: localhost, request: "GET / HTTP/1.1", host: "localhost"
2023/11/26 11:22:28 [error] 30#30: *1 directory index of "/usr/share/nginx/html/" is forbidden, client: 172.26.0.1, server: localhost, request: "GET / HTTP/1.1", host: "localhost"
2023/11/26 11:22:37 [notice] 1#1: signal 3 (SIGQUIT) received, shutting down
2023/11/26 11:22:37 [notice] 29#29: gracefully shutting down
2023/11/26 11:22:37 [notice] 30#30: gracefully shutting down
2023/11/26 11:22:37 [notice] 31#31: gracefully shutting down
2023/11/26 11:22:37 [notice] 32#32: gracefully shutting down
2023/11/26 11:22:37 [notice] 34#34: gracefully shutting down
2023/11/26 11:22:37 [notice] 29#29: exiting
2023/11/26 11:22:37 [notice] 35#35: gracefully shutting down
2023/11/26 11:22:37 [notice] 33#33: gracefully shutting down
2023/11/26 11:22:37 [notice] 31#31: exiting
2023/11/26 11:22:37 [notice] 32#32: exiting
2023/11/26 11:22:37 [notice] 34#34: exiting
2023/11/26 11:22:37 [notice] 35#35: exiting
2023/11/26 11:22:37 [notice] 33#33: exiting
2023/11/26 11:22:37 [notice] 30#30: exiting
2023/11/26 11:22:37 [notice] 29#29: exit
2023/11/26 11:22:37 [notice] 31#31: exit
2023/11/26 11:22:37 [notice] 32#32: exit
2023/11/26 11:22:37 [notice] 34#34: exit
2023/11/26 11:22:37 [notice] 35#35: exit
2023/11/26 11:22:37 [notice] 33#33: exit
2023/11/26 11:22:37 [notice] 30#30: exit
2023/11/26 11:22:37 [notice] 36#36: gracefully shutting down
2023/11/26 11:22:37 [notice] 36#36: exiting
2023/11/26 11:22:37 [notice] 36#36: exit
2023/11/26 11:22:37 [notice] 37#37: gracefully shutting down
2023/11/26 11:22:37 [notice] 38#38: gracefully shutting down
2023/11/26 11:22:37 [notice] 40#40: gracefully shutting down
2023/11/26 11:22:37 [notice] 39#39: gracefully shutting down
2023/11/26 11:22:37 [notice] 37#37: exiting
2023/11/26 11:22:37 [notice] 38#38: exiting
2023/11/26 11:22:37 [notice] 40#40: exiting
2023/11/26 11:22:37 [notice] 39#39: exiting
2023/11/26 11:22:37 [notice] 38#38: exit
2023/11/26 11:22:37 [notice] 37#37: exit
2023/11/26 11:22:37 [notice] 40#40: exit
2023/11/26 11:22:37 [notice] 39#39: exit
2023/11/26 11:22:37 [notice] 1#1: signal 17 (SIGCHLD) received from 38
2023/11/26 11:22:37 [notice] 1#1: worker process 38 exited with code 0
2023/11/26 11:22:37 [notice] 1#1: signal 29 (SIGIO) received
2023/11/26 11:22:37 [notice] 1#1: signal 17 (SIGCHLD) received from 30
2023/11/26 11:22:37 [notice] 1#1: worker process 30 exited with code 0
2023/11/26 11:22:37 [notice] 1#1: worker process 31 exited with code 0
2023/11/26 11:22:37 [notice] 1#1: signal 17 (SIGCHLD) received from 31
2023/11/26 11:22:37 [notice] 1#1: signal 29 (SIGIO) received
2023/11/26 11:22:37 [notice] 1#1: signal 17 (SIGCHLD) received from 35
2023/11/26 11:22:37 [notice] 1#1: worker process 35 exited with code 0
2023/11/26 11:22:37 [notice] 1#1: signal 29 (SIGIO) received
2023/11/26 11:22:37 [notice] 1#1: signal 17 (SIGCHLD) received from 36
2023/11/26 11:22:37 [notice] 1#1: worker process 29 exited with code 0
2023/11/26 11:22:37 [notice] 1#1: worker process 36 exited with code 0
2023/11/26 11:22:37 [notice] 1#1: worker process 37 exited with code 0
2023/11/26 11:22:37 [notice] 1#1: signal 29 (SIGIO) received
2023/11/26 11:22:37 [notice] 1#1: signal 17 (SIGCHLD) received from 34
2023/11/26 11:22:37 [notice] 1#1: worker process 34 exited with code 0
2023/11/26 11:22:37 [notice] 1#1: signal 29 (SIGIO) received
2023/11/26 11:22:37 [notice] 1#1: signal 17 (SIGCHLD) received from 33
2023/11/26 11:22:37 [notice] 1#1: worker process 33 exited with code 0
2023/11/26 11:22:37 [notice] 1#1: signal 29 (SIGIO) received
2023/11/26 11:22:37 [notice] 1#1: signal 17 (SIGCHLD) received from 40
2023/11/26 11:22:37 [notice] 1#1: worker process 40 exited with code 0
2023/11/26 11:22:37 [notice] 1#1: signal 29 (SIGIO) received
2023/11/26 11:22:37 [notice] 1#1: signal 17 (SIGCHLD) received from 39
2023/11/26 11:22:37 [notice] 1#1: worker process 39 exited with code 0
2023/11/26 11:22:37 [notice] 1#1: signal 29 (SIGIO) received
2023/11/26 11:22:37 [notice] 1#1: signal 17 (SIGCHLD) received from 32
2023/11/26 11:22:37 [notice] 1#1: worker process 32 exited with code 0
2023/11/26 11:22:37 [notice] 1#1: exit
2023/11/26 11:25:32 [emerg] 1#1: invalid host in "[::]80" of the "listen" directive in /etc/nginx/conf.d/defaul.conf:3
2023/11/26 11:26:18 [notice] 1#1: using the "epoll" event method
2023/11/26 11:26:18 [notice] 1#1: nginx/1.24.0
2023/11/26 11:26:18 [notice] 1#1: built by gcc 10.2.1 20210110 (Debian 10.2.1-6) 
2023/11/26 11:26:18 [notice] 1#1: OS: Linux 6.2.0-36-generic
2023/11/26 11:26:18 [notice] 1#1: getrlimit(RLIMIT_NOFILE): 1048576:1048576
2023/11/26 11:26:18 [notice] 1#1: start worker processes
2023/11/26 11:26:18 [notice] 1#1: start worker process 29
2023/11/26 11:26:18 [notice] 1#1: start worker process 30
2023/11/26 11:26:18 [notice] 1#1: start worker process 31
2023/11/26 11:26:18 [notice] 1#1: start worker process 32
2023/11/26 11:26:18 [notice] 1#1: start worker process 33
2023/11/26 11:26:18 [notice] 1#1: start worker process 34
2023/11/26 11:26:18 [notice] 1#1: start worker process 35
2023/11/26 11:26:18 [notice] 1#1: start worker process 36
2023/11/26 11:26:18 [notice] 1#1: start worker process 37
2023/11/26 11:26:18 [notice] 1#1: start worker process 38
2023/11/26 11:26:18 [notice] 1#1: start worker process 39
2023/11/26 11:26:18 [notice] 1#1: start worker process 40
2023/11/26 11:26:28 [error] 29#29: *1 directory index of "/usr/share/nginx/html/" is forbidden, client: 172.28.0.1, server: localhost, request: "GET / HTTP/1.1", host: "localhost"
2023/11/26 11:26:29 [error] 29#29: *1 open() "/usr/share/nginx/html/favicon.ico" failed (2: No such file or directory), client: 172.28.0.1, server: localhost, request: "GET /favicon.ico HTTP/1.1", host: "localhost", referrer: "http://localhost/"
2023/11/26 11:26:29 [error] 29#29: *1 directory index of "/usr/share/nginx/html/" is forbidden, client: 172.28.0.1, server: localhost, request: "GET / HTTP/1.1", host: "localhost"
2023/11/26 11:29:56 [notice] 1#1: signal 3 (SIGQUIT) received, shutting down
2023/11/26 11:29:56 [notice] 29#29: gracefully shutting down
2023/11/26 11:29:56 [notice] 30#30: gracefully shutting down
2023/11/26 11:29:56 [notice] 31#31: gracefully shutting down
2023/11/26 11:29:56 [notice] 32#32: gracefully shutting down
2023/11/26 11:29:56 [notice] 33#33: gracefully shutting down
2023/11/26 11:29:56 [notice] 34#34: gracefully shutting down
2023/11/26 11:29:56 [notice] 29#29: exiting
2023/11/26 11:29:56 [notice] 30#30: exiting
2023/11/26 11:29:56 [notice] 35#35: gracefully shutting down
2023/11/26 11:29:56 [notice] 31#31: exiting
2023/11/26 11:29:56 [notice] 35#35: exiting
2023/11/26 11:29:56 [notice] 39#39: gracefully shutting down
2023/11/26 11:29:56 [notice] 32#32: exiting
2023/11/26 11:29:56 [notice] 37#37: gracefully shutting down
2023/11/26 11:29:56 [notice] 33#33: exiting
2023/11/26 11:29:56 [notice] 34#34: exiting
2023/11/26 11:29:56 [notice] 30#30: exit
2023/11/26 11:29:56 [notice] 29#29: exit
2023/11/26 11:29:56 [notice] 31#31: exit
2023/11/26 11:29:56 [notice] 35#35: exit
2023/11/26 11:29:56 [notice] 36#36: gracefully shutting down
2023/11/26 11:29:56 [notice] 39#39: exiting
2023/11/26 11:29:56 [notice] 37#37: exiting
2023/11/26 11:29:56 [notice] 32#32: exit
2023/11/26 11:29:56 [notice] 36#36: exiting
2023/11/26 11:29:56 [notice] 33#33: exit
2023/11/26 11:29:56 [notice] 34#34: exit
2023/11/26 11:29:56 [notice] 39#39: exit
2023/11/26 11:29:56 [notice] 37#37: exit
2023/11/26 11:29:56 [notice] 36#36: exit
2023/11/26 11:29:56 [notice] 40#40: gracefully shutting down
2023/11/26 11:29:56 [notice] 38#38: gracefully shutting down
2023/11/26 11:29:56 [notice] 40#40: exiting
2023/11/26 11:29:56 [notice] 38#38: exiting
2023/11/26 11:29:56 [notice] 40#40: exit
2023/11/26 11:29:56 [notice] 38#38: exit
2023/11/26 11:29:56 [notice] 1#1: signal 17 (SIGCHLD) received from 38
2023/11/26 11:29:56 [notice] 1#1: worker process 29 exited with code 0
2023/11/26 11:29:56 [notice] 1#1: worker process 38 exited with code 0
2023/11/26 11:29:56 [notice] 1#1: signal 29 (SIGIO) received
2023/11/26 11:29:56 [notice] 1#1: signal 17 (SIGCHLD) received from 29
2023/11/26 11:29:56 [notice] 1#1: signal 17 (SIGCHLD) received from 37
2023/11/26 11:29:56 [notice] 1#1: worker process 37 exited with code 0
2023/11/26 11:29:56 [notice] 1#1: worker process 35 exited with code 0
2023/11/26 11:29:56 [notice] 1#1: signal 29 (SIGIO) received
2023/11/26 11:29:56 [notice] 1#1: signal 17 (SIGCHLD) received from 35
2023/11/26 11:29:56 [notice] 1#1: signal 17 (SIGCHLD) received from 34
2023/11/26 11:29:56 [notice] 1#1: worker process 33 exited with code 0
2023/11/26 11:29:56 [notice] 1#1: worker process 34 exited with code 0
2023/11/26 11:29:56 [notice] 1#1: signal 29 (SIGIO) received
2023/11/26 11:29:56 [notice] 1#1: signal 17 (SIGCHLD) received from 36
2023/11/26 11:29:56 [notice] 1#1: worker process 36 exited with code 0
2023/11/26 11:29:56 [notice] 1#1: worker process 30 exited with code 0
2023/11/26 11:29:56 [notice] 1#1: worker process 40 exited with code 0
2023/11/26 11:29:56 [notice] 1#1: signal 29 (SIGIO) received
2023/11/26 11:29:56 [notice] 1#1: signal 17 (SIGCHLD) received from 40
2023/11/26 11:29:56 [notice] 1#1: signal 17 (SIGCHLD) received from 31
2023/11/26 11:29:56 [notice] 1#1: worker process 31 exited with code 0
2023/11/26 11:29:56 [notice] 1#1: signal 29 (SIGIO) received
2023/11/26 11:29:56 [notice] 1#1: signal 17 (SIGCHLD) received from 39
2023/11/26 11:29:56 [notice] 1#1: worker process 39 exited with code 0
2023/11/26 11:29:56 [notice] 1#1: signal 29 (SIGIO) received
2023/11/26 11:29:56 [notice] 1#1: signal 17 (SIGCHLD) received from 32
2023/11/26 11:29:56 [notice] 1#1: worker process 32 exited with code 0
2023/11/26 11:29:56 [notice] 1#1: exit
2023/11/26 11:30:22 [notice] 1#1: using the "epoll" event method
2023/11/26 11:30:22 [notice] 1#1: nginx/1.24.0
2023/11/26 11:30:22 [notice] 1#1: built by gcc 10.2.1 20210110 (Debian 10.2.1-6) 
2023/11/26 11:30:22 [notice] 1#1: OS: Linux 6.2.0-36-generic
2023/11/26 11:30:22 [notice] 1#1: getrlimit(RLIMIT_NOFILE): 1048576:1048576
2023/11/26 11:30:22 [notice] 1#1: start worker processes
2023/11/26 11:30:22 [notice] 1#1: start worker process 29
2023/11/26 11:30:22 [notice] 1#1: start worker process 30
2023/11/26 11:30:22 [notice] 1#1: start worker process 31
2023/11/26 11:30:22 [notice] 1#1: start worker process 32
2023/11/26 11:30:22 [notice] 1#1: start worker process 33
2023/11/26 11:30:22 [notice] 1#1: start worker process 34
2023/11/26 11:30:22 [notice] 1#1: start worker process 35
2023/11/26 11:30:22 [notice] 1#1: start worker process 36
2023/11/26 11:30:22 [notice] 1#1: start worker process 37
2023/11/26 11:30:22 [notice] 1#1: start worker process 38
2023/11/26 11:30:22 [notice] 1#1: start worker process 39
2023/11/26 11:30:22 [notice] 1#1: start worker process 40
2023/11/26 11:30:32 [error] 29#29: *1 directory index of "/usr/share/nginx/html/" is forbidden, client: 172.29.0.1, server: localhost, request: "GET / HTTP/1.1", host: "localhost"
2023/11/26 11:30:32 [error] 29#29: *1 open() "/usr/share/nginx/html/favicon.ico" failed (2: No such file or directory), client: 172.29.0.1, server: localhost, request: "GET /favicon.ico HTTP/1.1", host: "localhost", referrer: "http://localhost/"
2023/11/26 11:30:44 [error] 29#29: *1 open() "/usr/share/nginx/html/html/index.php" failed (2: No such file or directory), client: 172.29.0.1, server: localhost, request: "GET /html/index.php HTTP/1.1", host: "localhost"
2023/11/26 11:35:14 [notice] 1#1: signal 3 (SIGQUIT) received, shutting down
2023/11/26 11:35:14 [notice] 29#29: gracefully shutting down
2023/11/26 11:35:14 [notice] 29#29: exiting
2023/11/26 11:35:14 [notice] 31#31: gracefully shutting down
2023/11/26 11:35:14 [notice] 30#30: gracefully shutting down
2023/11/26 11:35:14 [notice] 32#32: gracefully shutting down
2023/11/26 11:35:14 [notice] 31#31: exiting
2023/11/26 11:35:14 [notice] 29#29: exit
2023/11/26 11:35:14 [notice] 37#37: gracefully shutting down
2023/11/26 11:35:14 [notice] 30#30: exiting
2023/11/26 11:35:14 [notice] 32#32: exiting
2023/11/26 11:35:14 [notice] 35#35: gracefully shutting down
2023/11/26 11:35:14 [notice] 37#37: exiting
2023/11/26 11:35:14 [notice] 35#35: exiting
2023/11/26 11:35:14 [notice] 31#31: exit
2023/11/26 11:35:14 [notice] 37#37: exit
2023/11/26 11:35:14 [notice] 32#32: exit
2023/11/26 11:35:14 [notice] 30#30: exit
2023/11/26 11:35:14 [notice] 35#35: exit
2023/11/26 11:35:14 [notice] 33#33: gracefully shutting down
2023/11/26 11:35:14 [notice] 33#33: exiting
2023/11/26 11:35:14 [notice] 33#33: exit
2023/11/26 11:35:14 [notice] 36#36: gracefully shutting down
2023/11/26 11:35:14 [notice] 36#36: exiting
2023/11/26 11:35:14 [notice] 36#36: exit
2023/11/26 11:35:14 [notice] 34#34: gracefully shutting down
2023/11/26 11:35:14 [notice] 34#34: exiting
2023/11/26 11:35:14 [notice] 40#40: gracefully shutting down
2023/11/26 11:35:14 [notice] 38#38: gracefully shutting down
2023/11/26 11:35:14 [notice] 34#34: exit
2023/11/26 11:35:14 [notice] 40#40: exiting
2023/11/26 11:35:14 [notice] 39#39: gracefully shutting down
2023/11/26 11:35:14 [notice] 38#38: exiting
2023/11/26 11:35:14 [notice] 39#39: exiting
2023/11/26 11:35:14 [notice] 40#40: exit
2023/11/26 11:35:14 [notice] 38#38: exit
2023/11/26 11:35:14 [notice] 39#39: exit
2023/11/26 11:35:14 [notice] 1#1: signal 17 (SIGCHLD) received from 39
2023/11/26 11:35:14 [notice] 1#1: worker process 39 exited with code 0
2023/11/26 11:35:14 [notice] 1#1: signal 29 (SIGIO) received
2023/11/26 11:35:14 [notice] 1#1: signal 17 (SIGCHLD) received from 35
2023/11/26 11:35:14 [notice] 1#1: worker process 35 exited with code 0
2023/11/26 11:35:14 [notice] 1#1: signal 29 (SIGIO) received
2023/11/26 11:35:14 [notice] 1#1: signal 17 (SIGCHLD) received from 31
2023/11/26 11:35:14 [notice] 1#1: worker process 31 exited with code 0
2023/11/26 11:35:14 [notice] 1#1: signal 29 (SIGIO) received
2023/11/26 11:35:14 [notice] 1#1: signal 17 (SIGCHLD) received from 30
2023/11/26 11:35:14 [notice] 1#1: worker process 30 exited with code 0
2023/11/26 11:35:14 [notice] 1#1: signal 29 (SIGIO) received
2023/11/26 11:35:14 [notice] 1#1: signal 17 (SIGCHLD) received from 29
2023/11/26 11:35:14 [notice] 1#1: worker process 29 exited with code 0
2023/11/26 11:35:14 [notice] 1#1: worker process 38 exited with code 0
2023/11/26 11:35:14 [notice] 1#1: signal 29 (SIGIO) received
2023/11/26 11:35:14 [notice] 1#1: signal 17 (SIGCHLD) received from 38
2023/11/26 11:35:14 [notice] 1#1: signal 17 (SIGCHLD) received from 36
2023/11/26 11:35:14 [notice] 1#1: worker process 36 exited with code 0
2023/11/26 11:35:14 [notice] 1#1: signal 29 (SIGIO) received
2023/11/26 11:35:14 [notice] 1#1: signal 17 (SIGCHLD) received from 34
2023/11/26 11:35:14 [notice] 1#1: worker process 34 exited with code 0
2023/11/26 11:35:14 [notice] 1#1: worker process 37 exited with code 0
2023/11/26 11:35:14 [notice] 1#1: signal 29 (SIGIO) received
2023/11/26 11:35:14 [notice] 1#1: signal 17 (SIGCHLD) received from 32
2023/11/26 11:35:14 [notice] 1#1: worker process 32 exited with code 0
2023/11/26 11:35:14 [notice] 1#1: signal 29 (SIGIO) received
2023/11/26 11:35:14 [notice] 1#1: signal 17 (SIGCHLD) received from 33
2023/11/26 11:35:14 [notice] 1#1: worker process 33 exited with code 0
2023/11/26 11:35:14 [notice] 1#1: signal 29 (SIGIO) received
2023/11/26 11:35:14 [notice] 1#1: signal 17 (SIGCHLD) received from 40
2023/11/26 11:35:14 [notice] 1#1: worker process 40 exited with code 0
2023/11/26 11:35:14 [notice] 1#1: exit
2023/11/26 11:35:39 [notice] 1#1: using the "epoll" event method
2023/11/26 11:35:39 [notice] 1#1: nginx/1.24.0
2023/11/26 11:35:39 [notice] 1#1: built by gcc 10.2.1 20210110 (Debian 10.2.1-6) 
2023/11/26 11:35:39 [notice] 1#1: OS: Linux 6.2.0-36-generic
2023/11/26 11:35:39 [notice] 1#1: getrlimit(RLIMIT_NOFILE): 1048576:1048576
2023/11/26 11:35:39 [notice] 1#1: start worker processes
2023/11/26 11:35:39 [notice] 1#1: start worker process 29
2023/11/26 11:35:39 [notice] 1#1: start worker process 30
2023/11/26 11:35:39 [notice] 1#1: start worker process 31
2023/11/26 11:35:39 [notice] 1#1: start worker process 32
2023/11/26 11:35:39 [notice] 1#1: start worker process 33
2023/11/26 11:35:39 [notice] 1#1: start worker process 34
2023/11/26 11:35:39 [notice] 1#1: start worker process 35
2023/11/26 11:35:39 [notice] 1#1: start worker process 36
2023/11/26 11:35:39 [notice] 1#1: start worker process 37
2023/11/26 11:35:39 [notice] 1#1: start worker process 38
2023/11/26 11:35:39 [notice] 1#1: start worker process 39
2023/11/26 11:35:39 [notice] 1#1: start worker process 40
2023/11/26 11:36:23 [error] 29#29: *1 directory index of "/usr/share/nginx/html/" is forbidden, client: 172.30.0.1, server: localhost, request: "GET / HTTP/1.1", host: "localhost"
2023/11/26 11:36:23 [error] 29#29: *1 open() "/usr/share/nginx/html/favicon.ico" failed (2: No such file or directory), client: 172.30.0.1, server: localhost, request: "GET /favicon.ico HTTP/1.1", host: "localhost", referrer: "http://localhost/"
2023/11/26 11:39:38 [notice] 1#1: signal 3 (SIGQUIT) received, shutting down
2023/11/26 11:39:38 [notice] 29#29: gracefully shutting down
2023/11/26 11:39:38 [notice] 30#30: gracefully shutting down
2023/11/26 11:39:38 [notice] 31#31: gracefully shutting down
2023/11/26 11:39:38 [notice] 32#32: gracefully shutting down
2023/11/26 11:39:38 [notice] 29#29: exiting
2023/11/26 11:39:38 [notice] 36#36: gracefully shutting down
2023/11/26 11:39:38 [notice] 30#30: exiting
2023/11/26 11:39:38 [notice] 34#34: gracefully shutting down
2023/11/26 11:39:38 [notice] 31#31: exiting
2023/11/26 11:39:38 [notice] 32#32: exiting
2023/11/26 11:39:38 [notice] 36#36: exiting
2023/11/26 11:39:38 [notice] 34#34: exiting
2023/11/26 11:39:38 [notice] 29#29: exit
2023/11/26 11:39:38 [notice] 30#30: exit
2023/11/26 11:39:38 [notice] 31#31: exit
2023/11/26 11:39:38 [notice] 36#36: exit
2023/11/26 11:39:38 [notice] 32#32: exit
2023/11/26 11:39:38 [notice] 34#34: exit
2023/11/26 11:39:38 [notice] 38#38: gracefully shutting down
2023/11/26 11:39:38 [notice] 38#38: exiting
2023/11/26 11:39:38 [notice] 38#38: exit
2023/11/26 11:39:38 [notice] 33#33: gracefully shutting down
2023/11/26 11:39:38 [notice] 35#35: gracefully shutting down
2023/11/26 11:39:38 [notice] 33#33: exiting
2023/11/26 11:39:38 [notice] 35#35: exiting
2023/11/26 11:39:38 [notice] 33#33: exit
2023/11/26 11:39:38 [notice] 35#35: exit
2023/11/26 11:39:38 [notice] 40#40: gracefully shutting down
2023/11/26 11:39:38 [notice] 37#37: gracefully shutting down
2023/11/26 11:39:38 [notice] 39#39: gracefully shutting down
2023/11/26 11:39:38 [notice] 40#40: exiting
2023/11/26 11:39:38 [notice] 37#37: exiting
2023/11/26 11:39:38 [notice] 39#39: exiting
2023/11/26 11:39:38 [notice] 40#40: exit
2023/11/26 11:39:38 [notice] 37#37: exit
2023/11/26 11:39:38 [notice] 39#39: exit
2023/11/26 11:39:38 [notice] 1#1: signal 17 (SIGCHLD) received from 38
2023/11/26 11:39:38 [notice] 1#1: worker process 34 exited with code 0
2023/11/26 11:39:38 [notice] 1#1: worker process 35 exited with code 0
2023/11/26 11:39:38 [notice] 1#1: worker process 33 exited with code 0
2023/11/26 11:39:38 [notice] 1#1: worker process 38 exited with code 0
2023/11/26 11:39:38 [notice] 1#1: signal 29 (SIGIO) received
2023/11/26 11:39:38 [notice] 1#1: signal 17 (SIGCHLD) received from 35
2023/11/26 11:39:38 [notice] 1#1: signal 17 (SIGCHLD) received from 36
2023/11/26 11:39:38 [notice] 1#1: worker process 36 exited with code 0
2023/11/26 11:39:38 [notice] 1#1: worker process 37 exited with code 0
2023/11/26 11:39:38 [notice] 1#1: signal 29 (SIGIO) received
2023/11/26 11:39:38 [notice] 1#1: signal 17 (SIGCHLD) received from 37
2023/11/26 11:39:38 [notice] 1#1: signal 17 (SIGCHLD) received from 40
2023/11/26 11:39:38 [notice] 1#1: worker process 40 exited with code 0
2023/11/26 11:39:38 [notice] 1#1: signal 29 (SIGIO) received
2023/11/26 11:39:38 [notice] 1#1: signal 17 (SIGCHLD) received from 30
2023/11/26 11:39:38 [notice] 1#1: worker process 30 exited with code 0
2023/11/26 11:39:38 [notice] 1#1: signal 29 (SIGIO) received
2023/11/26 11:39:38 [notice] 1#1: signal 17 (SIGCHLD) received from 39
2023/11/26 11:39:38 [notice] 1#1: worker process 29 exited with code 0
2023/11/26 11:39:38 [notice] 1#1: worker process 39 exited with code 0
2023/11/26 11:39:38 [notice] 1#1: signal 29 (SIGIO) received
2023/11/26 11:39:38 [notice] 1#1: signal 17 (SIGCHLD) received from 29
2023/11/26 11:39:38 [notice] 1#1: signal 17 (SIGCHLD) received from 32
2023/11/26 11:39:38 [notice] 1#1: worker process 31 exited with code 0
2023/11/26 11:39:38 [notice] 1#1: worker process 32 exited with code 0
2023/11/26 11:39:38 [notice] 1#1: exit
2023/11/26 11:40:07 [emerg] 1#1: "server" directive is not allowed here in /etc/nginx/conf.d/defaul.conf:1
2023/11/26 11:45:21 [emerg] 1#1: "http" directive is not allowed here in /etc/nginx/conf.d/defaul.conf:1
2023/11/26 11:47:03 [crit] 1#1: pread() "/etc/nginx/conf.d/nginx.conf" failed (21: Is a directory)
2023/11/26 11:47:56 [emerg] 1#1: "http" directive is not allowed here in /etc/nginx/conf.d/nginx.conf:1
2023/11/26 11:49:50 [emerg] 1#1: "server" directive is not allowed here in /etc/nginx/conf.d/default.conf:1
2023/11/26 11:55:08 [notice] 1#1: using the "epoll" event method
2023/11/26 11:55:08 [notice] 1#1: nginx/1.24.0
2023/11/26 11:55:08 [notice] 1#1: built by gcc 10.2.1 20210110 (Debian 10.2.1-6) 
2023/11/26 11:55:08 [notice] 1#1: OS: Linux 6.2.0-36-generic
2023/11/26 11:55:08 [notice] 1#1: getrlimit(RLIMIT_NOFILE): 1048576:1048576
2023/11/26 11:55:08 [notice] 1#1: start worker processes
2023/11/26 11:55:08 [notice] 1#1: start worker process 29
2023/11/26 11:55:08 [notice] 1#1: start worker process 30
2023/11/26 11:55:08 [notice] 1#1: start worker process 31
2023/11/26 11:55:08 [notice] 1#1: start worker process 32
2023/11/26 11:55:08 [notice] 1#1: start worker process 33
2023/11/26 11:55:08 [notice] 1#1: start worker process 34
2023/11/26 11:55:08 [notice] 1#1: start worker process 35
2023/11/26 11:55:08 [notice] 1#1: start worker process 36
2023/11/26 11:55:08 [notice] 1#1: start worker process 37
2023/11/26 11:55:08 [notice] 1#1: start worker process 38
2023/11/26 11:55:08 [notice] 1#1: start worker process 39
2023/11/26 11:55:08 [notice] 1#1: start worker process 40
2023/11/26 11:55:25 [error] 29#29: *1 directory index of "/usr/share/nginx/html/" is forbidden, client: 192.168.80.1, server: localhost, request: "GET / HTTP/1.1", host: "localhost"
2023/11/26 11:55:25 [error] 29#29: *1 open() "/usr/share/nginx/html/favicon.ico" failed (2: No such file or directory), client: 192.168.80.1, server: localhost, request: "GET /favicon.ico HTTP/1.1", host: "localhost", referrer: "http://localhost/"
2023/11/26 12:09:19 [notice] 1#1: signal 3 (SIGQUIT) received, shutting down
2023/11/26 12:09:19 [notice] 29#29: gracefully shutting down
2023/11/26 12:09:19 [notice] 30#30: gracefully shutting down
2023/11/26 12:09:19 [notice] 29#29: exiting
2023/11/26 12:09:19 [notice] 30#30: exiting
2023/11/26 12:09:19 [notice] 31#31: gracefully shutting down
2023/11/26 12:09:19 [notice] 32#32: gracefully shutting down
2023/11/26 12:09:19 [notice] 33#33: gracefully shutting down
2023/11/26 12:09:19 [notice] 34#34: gracefully shutting down
2023/11/26 12:09:19 [notice] 29#29: exit
2023/11/26 12:09:19 [notice] 36#36: gracefully shutting down
2023/11/26 12:09:19 [notice] 30#30: exit
2023/11/26 12:09:19 [notice] 31#31: exiting
2023/11/26 12:09:19 [notice] 32#32: exiting
2023/11/26 12:09:19 [notice] 33#33: exiting
2023/11/26 12:09:19 [notice] 34#34: exiting
2023/11/26 12:09:19 [notice] 36#36: exiting
2023/11/26 12:09:19 [notice] 33#33: exit
2023/11/26 12:09:19 [notice] 31#31: exit
2023/11/26 12:09:19 [notice] 32#32: exit
2023/11/26 12:09:19 [notice] 34#34: exit
2023/11/26 12:09:19 [notice] 35#35: gracefully shutting down
2023/11/26 12:09:19 [notice] 36#36: exit
2023/11/26 12:09:19 [notice] 35#35: exiting
2023/11/26 12:09:19 [notice] 35#35: exit
2023/11/26 12:09:19 [notice] 38#38: gracefully shutting down
2023/11/26 12:09:19 [notice] 40#40: gracefully shutting down
2023/11/26 12:09:19 [notice] 37#37: gracefully shutting down
2023/11/26 12:09:19 [notice] 38#38: exiting
2023/11/26 12:09:19 [notice] 40#40: exiting
2023/11/26 12:09:19 [notice] 39#39: gracefully shutting down
2023/11/26 12:09:19 [notice] 37#37: exiting
2023/11/26 12:09:19 [notice] 38#38: exit
2023/11/26 12:09:19 [notice] 40#40: exit
2023/11/26 12:09:19 [notice] 39#39: exiting
2023/11/26 12:09:19 [notice] 37#37: exit
2023/11/26 12:09:19 [notice] 39#39: exit
2023/11/26 12:09:19 [notice] 1#1: signal 17 (SIGCHLD) received from 37
2023/11/26 12:09:19 [notice] 1#1: worker process 35 exited with code 0
2023/11/26 12:09:19 [notice] 1#1: worker process 37 exited with code 0
2023/11/26 12:09:19 [notice] 1#1: signal 29 (SIGIO) received
2023/11/26 12:09:19 [notice] 1#1: signal 17 (SIGCHLD) received from 34
2023/11/26 12:09:19 [notice] 1#1: worker process 34 exited with code 0
2023/11/26 12:09:19 [notice] 1#1: signal 29 (SIGIO) received
2023/11/26 12:09:19 [notice] 1#1: signal 17 (SIGCHLD) received from 33
2023/11/26 12:09:19 [notice] 1#1: worker process 33 exited with code 0
2023/11/26 12:09:19 [notice] 1#1: signal 29 (SIGIO) received
2023/11/26 12:09:19 [notice] 1#1: signal 17 (SIGCHLD) received from 36
2023/11/26 12:09:19 [notice] 1#1: worker process 36 exited with code 0
2023/11/26 12:09:19 [notice] 1#1: signal 29 (SIGIO) received
2023/11/26 12:09:19 [notice] 1#1: signal 17 (SIGCHLD) received from 29
2023/11/26 12:09:19 [notice] 1#1: worker process 29 exited with code 0
2023/11/26 12:09:19 [notice] 1#1: signal 29 (SIGIO) received
2023/11/26 12:09:19 [notice] 1#1: signal 17 (SIGCHLD) received from 39
2023/11/26 12:09:19 [notice] 1#1: worker process 39 exited with code 0
2023/11/26 12:09:19 [notice] 1#1: signal 29 (SIGIO) received
2023/11/26 12:09:19 [notice] 1#1: signal 17 (SIGCHLD) received from 40
2023/11/26 12:09:19 [notice] 1#1: worker process 31 exited with code 0
2023/11/26 12:09:19 [notice] 1#1: worker process 40 exited with code 0
2023/11/26 12:09:19 [notice] 1#1: signal 29 (SIGIO) received
2023/11/26 12:09:19 [notice] 1#1: signal 17 (SIGCHLD) received from 32
2023/11/26 12:09:19 [notice] 1#1: worker process 32 exited with code 0
2023/11/26 12:09:19 [notice] 1#1: signal 29 (SIGIO) received
2023/11/26 12:09:19 [notice] 1#1: signal 17 (SIGCHLD) received from 30
2023/11/26 12:09:19 [notice] 1#1: worker process 30 exited with code 0
2023/11/26 12:09:19 [notice] 1#1: worker process 38 exited with code 0
2023/11/26 12:09:19 [notice] 1#1: exit
2023/11/26 12:09:40 [notice] 1#1: using the "epoll" event method
2023/11/26 12:09:40 [notice] 1#1: nginx/1.24.0
2023/11/26 12:09:40 [notice] 1#1: built by gcc 10.2.1 20210110 (Debian 10.2.1-6) 
2023/11/26 12:09:40 [notice] 1#1: OS: Linux 6.2.0-36-generic
2023/11/26 12:09:40 [notice] 1#1: getrlimit(RLIMIT_NOFILE): 1048576:1048576
2023/11/26 12:09:40 [notice] 1#1: start worker processes
2023/11/26 12:09:40 [notice] 1#1: start worker process 29
2023/11/26 12:09:40 [notice] 1#1: start worker process 30
2023/11/26 12:09:40 [notice] 1#1: start worker process 31
2023/11/26 12:09:40 [notice] 1#1: start worker process 32
2023/11/26 12:09:40 [notice] 1#1: start worker process 33
2023/11/26 12:09:40 [notice] 1#1: start worker process 34
2023/11/26 12:09:40 [notice] 1#1: start worker process 35
2023/11/26 12:09:40 [notice] 1#1: start worker process 36
2023/11/26 12:09:40 [notice] 1#1: start worker process 37
2023/11/26 12:09:40 [notice] 1#1: start worker process 38
2023/11/26 12:09:40 [notice] 1#1: start worker process 39
2023/11/26 12:09:40 [notice] 1#1: start worker process 40
2023/11/26 12:09:49 [error] 29#29: *1 open() "/usr/share/nginx/html/favicon.ico" failed (2: No such file or directory), client: 192.168.96.1, server: localhost, request: "GET /favicon.ico HTTP/1.1", host: "localhost", referrer: "http://localhost/"
2023/11/26 12:09:52 [error] 29#29: *1 open() "/usr/share/nginx/html/index.php" failed (2: No such file or directory), client: 192.168.96.1, server: localhost, request: "GET /index.php HTTP/1.1", host: "localhost"
2023/11/26 12:11:06 [error] 30#30: *2 open() "/usr/share/nginx/html/index.php" failed (2: No such file or directory), client: 192.168.96.1, server: localhost, request: "GET /index.php HTTP/1.1", host: "localhost"
2023/11/26 12:11:11 [error] 30#30: *2 open() "/usr/share/nginx/html/web/index.php" failed (2: No such file or directory), client: 192.168.96.1, server: localhost, request: "GET /web/index.php HTTP/1.1", host: "localhost"
2023/11/26 12:11:15 [error] 30#30: *2 open() "/usr/share/nginx/html/index.php" failed (2: No such file or directory), client: 192.168.96.1, server: localhost, request: "GET /index.php HTTP/1.1", host: "localhost"
2023/11/26 12:14:00 [notice] 1#1: signal 3 (SIGQUIT) received, shutting down
2023/11/26 12:14:00 [notice] 29#29: gracefully shutting down
2023/11/26 12:14:00 [notice] 32#32: gracefully shutting down
2023/11/26 12:14:00 [notice] 30#30: gracefully shutting down
2023/11/26 12:14:00 [notice] 39#39: gracefully shutting down
2023/11/26 12:14:00 [notice] 33#33: gracefully shutting down
2023/11/26 12:14:00 [notice] 29#29: exiting
2023/11/26 12:14:00 [notice] 31#31: gracefully shutting down
2023/11/26 12:14:00 [notice] 35#35: gracefully shutting down
2023/11/26 12:14:00 [notice] 32#32: exiting
2023/11/26 12:14:00 [notice] 34#34: gracefully shutting down
2023/11/26 12:14:00 [notice] 36#36: gracefully shutting down
2023/11/26 12:14:00 [notice] 40#40: gracefully shutting down
2023/11/26 12:14:00 [notice] 30#30: exiting
2023/11/26 12:14:00 [notice] 40#40: exiting
2023/11/26 12:14:00 [notice] 39#39: exiting
2023/11/26 12:14:00 [notice] 33#33: exiting
2023/11/26 12:14:00 [notice] 31#31: exiting
2023/11/26 12:14:00 [notice] 29#29: exit
2023/11/26 12:14:00 [notice] 35#35: exiting
2023/11/26 12:14:00 [notice] 32#32: exit
2023/11/26 12:14:00 [notice] 34#34: exiting
2023/11/26 12:14:00 [notice] 36#36: exiting
2023/11/26 12:14:00 [notice] 40#40: exit
2023/11/26 12:14:00 [notice] 39#39: exit
2023/11/26 12:14:00 [notice] 33#33: exit
2023/11/26 12:14:00 [notice] 30#30: exit
2023/11/26 12:14:00 [notice] 31#31: exit
2023/11/26 12:14:00 [notice] 35#35: exit
2023/11/26 12:14:00 [notice] 34#34: exit
2023/11/26 12:14:00 [notice] 36#36: exit
2023/11/26 12:14:00 [notice] 37#37: gracefully shutting down
2023/11/26 12:14:00 [notice] 38#38: gracefully shutting down
2023/11/26 12:14:00 [notice] 37#37: exiting
2023/11/26 12:14:00 [notice] 38#38: exiting
2023/11/26 12:14:00 [notice] 37#37: exit
2023/11/26 12:14:00 [notice] 38#38: exit
2023/11/26 12:14:00 [notice] 1#1: signal 17 (SIGCHLD) received from 31
2023/11/26 12:14:00 [notice] 1#1: worker process 31 exited with code 0
2023/11/26 12:14:00 [notice] 1#1: worker process 35 exited with code 0
2023/11/26 12:14:00 [notice] 1#1: worker process 36 exited with code 0
2023/11/26 12:14:00 [notice] 1#1: worker process 37 exited with code 0
2023/11/26 12:14:00 [notice] 1#1: signal 29 (SIGIO) received
2023/11/26 12:14:00 [notice] 1#1: signal 17 (SIGCHLD) received from 36
2023/11/26 12:14:00 [notice] 1#1: signal 17 (SIGCHLD) received from 30
2023/11/26 12:14:00 [notice] 1#1: worker process 30 exited with code 0
2023/11/26 12:14:00 [notice] 1#1: signal 29 (SIGIO) received
2023/11/26 12:14:00 [notice] 1#1: signal 17 (SIGCHLD) received from 34
2023/11/26 12:14:00 [notice] 1#1: worker process 34 exited with code 0
2023/11/26 12:14:00 [notice] 1#1: worker process 39 exited with code 0
2023/11/26 12:14:00 [notice] 1#1: signal 29 (SIGIO) received
2023/11/26 12:14:00 [notice] 1#1: signal 17 (SIGCHLD) received from 39
2023/11/26 12:14:00 [notice] 1#1: signal 17 (SIGCHLD) received from 40
2023/11/26 12:14:00 [notice] 1#1: worker process 40 exited with code 0
2023/11/26 12:14:00 [notice] 1#1: signal 29 (SIGIO) received
2023/11/26 12:14:00 [notice] 1#1: signal 17 (SIGCHLD) received from 32
2023/11/26 12:14:00 [notice] 1#1: worker process 32 exited with code 0
2023/11/26 12:14:00 [notice] 1#1: worker process 33 exited with code 0
2023/11/26 12:14:00 [notice] 1#1: signal 29 (SIGIO) received
2023/11/26 12:14:00 [notice] 1#1: signal 17 (SIGCHLD) received from 33
2023/11/26 12:14:00 [notice] 1#1: signal 17 (SIGCHLD) received from 38
2023/11/26 12:14:00 [notice] 1#1: worker process 38 exited with code 0
2023/11/26 12:14:00 [notice] 1#1: signal 29 (SIGIO) received
2023/11/26 12:14:00 [notice] 1#1: signal 17 (SIGCHLD) received from 29
2023/11/26 12:14:00 [notice] 1#1: worker process 29 exited with code 0
2023/11/26 12:14:00 [notice] 1#1: exit
2023/11/26 12:14:28 [notice] 1#1: using the "epoll" event method
2023/11/26 12:14:28 [notice] 1#1: nginx/1.24.0
2023/11/26 12:14:28 [notice] 1#1: built by gcc 10.2.1 20210110 (Debian 10.2.1-6) 
2023/11/26 12:14:28 [notice] 1#1: OS: Linux 6.2.0-36-generic
2023/11/26 12:14:28 [notice] 1#1: getrlimit(RLIMIT_NOFILE): 1048576:1048576
2023/11/26 12:14:28 [notice] 1#1: start worker processes
2023/11/26 12:14:28 [notice] 1#1: start worker process 29
2023/11/26 12:14:28 [notice] 1#1: start worker process 30
2023/11/26 12:14:28 [notice] 1#1: start worker process 31
2023/11/26 12:14:28 [notice] 1#1: start worker process 32
2023/11/26 12:14:28 [notice] 1#1: start worker process 33
2023/11/26 12:14:28 [notice] 1#1: start worker process 34
2023/11/26 12:14:28 [notice] 1#1: start worker process 35
2023/11/26 12:14:28 [notice] 1#1: start worker process 36
2023/11/26 12:14:28 [notice] 1#1: start worker process 37
2023/11/26 12:14:28 [notice] 1#1: start worker process 38
2023/11/26 12:14:28 [notice] 1#1: start worker process 39
2023/11/26 12:14:28 [notice] 1#1: start worker process 40
2023/11/26 12:14:46 [error] 29#29: *1 open() "/usr/share/nginx/html/index.php" failed (2: No such file or directory), client: 192.168.112.1, server: localhost, request: "GET /index.php HTTP/1.1", host: "localhost"
2023/11/26 12:14:46 [error] 29#29: *1 open() "/usr/share/nginx/html/favicon.ico" failed (2: No such file or directory), client: 192.168.112.1, server: localhost, request: "GET /favicon.ico HTTP/1.1", host: "localhost", referrer: "http://localhost/index.php"
2023/11/26 12:15:41 [notice] 1#1: signal 3 (SIGQUIT) received, shutting down
2023/11/26 12:15:41 [notice] 29#29: gracefully shutting down
2023/11/26 12:15:41 [notice] 31#31: gracefully shutting down
2023/11/26 12:15:41 [notice] 32#32: gracefully shutting down
2023/11/26 12:15:41 [notice] 30#30: gracefully shutting down
2023/11/26 12:15:41 [notice] 34#34: gracefully shutting down
2023/11/26 12:15:41 [notice] 31#31: exiting
2023/11/26 12:15:41 [notice] 32#32: exiting
2023/11/26 12:15:41 [notice] 30#30: exiting
2023/11/26 12:15:41 [notice] 34#34: exiting
2023/11/26 12:15:41 [notice] 29#29: exiting
2023/11/26 12:15:41 [notice] 31#31: exit
2023/11/26 12:15:41 [notice] 33#33: gracefully shutting down
2023/11/26 12:15:41 [notice] 32#32: exit
2023/11/26 12:15:41 [notice] 30#30: exit
2023/11/26 12:15:41 [notice] 34#34: exit
2023/11/26 12:15:41 [notice] 33#33: exiting
2023/11/26 12:15:41 [notice] 29#29: exit
2023/11/26 12:15:41 [notice] 33#33: exit
2023/11/26 12:15:41 [notice] 39#39: gracefully shutting down
2023/11/26 12:15:41 [notice] 37#37: gracefully shutting down
2023/11/26 12:15:41 [notice] 36#36: gracefully shutting down
2023/11/26 12:15:41 [notice] 39#39: exiting
2023/11/26 12:15:41 [notice] 40#40: gracefully shutting down
2023/11/26 12:15:41 [notice] 37#37: exiting
2023/11/26 12:15:41 [notice] 36#36: exiting
2023/11/26 12:15:41 [notice] 39#39: exit
2023/11/26 12:15:41 [notice] 40#40: exiting
2023/11/26 12:15:41 [notice] 37#37: exit
2023/11/26 12:15:41 [notice] 36#36: exit
2023/11/26 12:15:41 [notice] 38#38: gracefully shutting down
2023/11/26 12:15:41 [notice] 40#40: exit
2023/11/26 12:15:41 [notice] 38#38: exiting
2023/11/26 12:15:41 [notice] 35#35: gracefully shutting down
2023/11/26 12:15:41 [notice] 35#35: exiting
2023/11/26 12:15:41 [notice] 38#38: exit
2023/11/26 12:15:41 [notice] 35#35: exit
2023/11/26 12:15:41 [notice] 1#1: signal 17 (SIGCHLD) received from 39
2023/11/26 12:15:41 [notice] 1#1: worker process 39 exited with code 0
2023/11/26 12:15:41 [notice] 1#1: signal 29 (SIGIO) received
2023/11/26 12:15:41 [notice] 1#1: signal 17 (SIGCHLD) received from 29
2023/11/26 12:15:41 [notice] 1#1: worker process 29 exited with code 0
2023/11/26 12:15:41 [notice] 1#1: signal 29 (SIGIO) received
2023/11/26 12:15:41 [notice] 1#1: signal 17 (SIGCHLD) received from 34
2023/11/26 12:15:41 [notice] 1#1: worker process 34 exited with code 0
2023/11/26 12:15:41 [notice] 1#1: signal 29 (SIGIO) received
2023/11/26 12:15:41 [notice] 1#1: signal 17 (SIGCHLD) received from 35
2023/11/26 12:15:41 [notice] 1#1: worker process 35 exited with code 0
2023/11/26 12:15:41 [notice] 1#1: signal 29 (SIGIO) received
2023/11/26 12:15:41 [notice] 1#1: signal 17 (SIGCHLD) received from 33
2023/11/26 12:15:41 [notice] 1#1: worker process 33 exited with code 0
2023/11/26 12:15:41 [notice] 1#1: signal 29 (SIGIO) received
2023/11/26 12:15:41 [notice] 1#1: signal 17 (SIGCHLD) received from 36
2023/11/26 12:15:41 [notice] 1#1: worker process 36 exited with code 0
2023/11/26 12:15:41 [notice] 1#1: signal 29 (SIGIO) received
2023/11/26 12:15:41 [notice] 1#1: signal 17 (SIGCHLD) received from 30
2023/11/26 12:15:41 [notice] 1#1: worker process 30 exited with code 0
2023/11/26 12:15:41 [notice] 1#1: signal 29 (SIGIO) received
2023/11/26 12:15:41 [notice] 1#1: signal 17 (SIGCHLD) received from 40
2023/11/26 12:15:41 [notice] 1#1: worker process 40 exited with code 0
2023/11/26 12:15:41 [notice] 1#1: signal 29 (SIGIO) received
2023/11/26 12:15:41 [notice] 1#1: signal 17 (SIGCHLD) received from 31
2023/11/26 12:15:41 [notice] 1#1: worker process 31 exited with code 0
2023/11/26 12:15:41 [notice] 1#1: worker process 38 exited with code 0
2023/11/26 12:15:41 [notice] 1#1: signal 29 (SIGIO) received
2023/11/26 12:15:41 [notice] 1#1: signal 17 (SIGCHLD) received from 38
2023/11/26 12:15:41 [notice] 1#1: signal 17 (SIGCHLD) received from 32
2023/11/26 12:15:41 [notice] 1#1: worker process 32 exited with code 0
2023/11/26 12:15:41 [notice] 1#1: signal 29 (SIGIO) received
2023/11/26 12:15:41 [notice] 1#1: signal 17 (SIGCHLD) received from 37
2023/11/26 12:15:41 [notice] 1#1: worker process 37 exited with code 0
2023/11/26 12:15:41 [notice] 1#1: exit
2023/11/26 12:16:49 [notice] 1#1: using the "epoll" event method
2023/11/26 12:16:49 [notice] 1#1: nginx/1.24.0
2023/11/26 12:16:49 [notice] 1#1: built by gcc 10.2.1 20210110 (Debian 10.2.1-6) 
2023/11/26 12:16:49 [notice] 1#1: OS: Linux 6.2.0-36-generic
2023/11/26 12:16:49 [notice] 1#1: getrlimit(RLIMIT_NOFILE): 1048576:1048576
2023/11/26 12:16:49 [notice] 1#1: start worker processes
2023/11/26 12:16:49 [notice] 1#1: start worker process 29
2023/11/26 12:16:49 [notice] 1#1: start worker process 30
2023/11/26 12:16:49 [notice] 1#1: start worker process 31
2023/11/26 12:16:49 [notice] 1#1: start worker process 32
2023/11/26 12:16:49 [notice] 1#1: start worker process 33
2023/11/26 12:16:49 [notice] 1#1: start worker process 34
2023/11/26 12:16:49 [notice] 1#1: start worker process 35
2023/11/26 12:16:49 [notice] 1#1: start worker process 36
2023/11/26 12:16:49 [notice] 1#1: start worker process 37
2023/11/26 12:16:49 [notice] 1#1: start worker process 38
2023/11/26 12:16:49 [notice] 1#1: start worker process 39
2023/11/26 12:16:49 [notice] 1#1: start worker process 40
2023/11/26 12:16:54 [error] 29#29: *1 directory index of "/usr/share/nginx/html/" is forbidden, client: 192.168.128.1, server: localhost, request: "GET / HTTP/1.1", host: "localhost"
2023/11/26 12:16:54 [error] 29#29: *1 directory index of "/usr/share/nginx/html/" is forbidden, client: 192.168.128.1, server: localhost, request: "GET / HTTP/1.1", host: "localhost"
2023/11/26 12:19:21 [notice] 1#1: signal 3 (SIGQUIT) received, shutting down
2023/11/26 12:19:21 [notice] 29#29: gracefully shutting down
2023/11/26 12:19:21 [notice] 30#30: gracefully shutting down
2023/11/26 12:19:21 [notice] 35#35: gracefully shutting down
2023/11/26 12:19:21 [notice] 29#29: exiting
2023/11/26 12:19:21 [notice] 32#32: gracefully shutting down
2023/11/26 12:19:21 [notice] 36#36: gracefully shutting down
2023/11/26 12:19:21 [notice] 39#39: gracefully shutting down
2023/11/26 12:19:21 [notice] 34#34: gracefully shutting down
2023/11/26 12:19:21 [notice] 30#30: exiting
2023/11/26 12:19:21 [notice] 35#35: exiting
2023/11/26 12:19:21 [notice] 29#29: exit
2023/11/26 12:19:21 [notice] 32#32: exiting
2023/11/26 12:19:21 [notice] 36#36: exiting
2023/11/26 12:19:21 [notice] 39#39: exiting
2023/11/26 12:19:21 [notice] 34#34: exiting
2023/11/26 12:19:21 [notice] 30#30: exit
2023/11/26 12:19:21 [notice] 35#35: exit
2023/11/26 12:19:21 [notice] 32#32: exit
2023/11/26 12:19:21 [notice] 39#39: exit
2023/11/26 12:19:21 [notice] 36#36: exit
2023/11/26 12:19:21 [notice] 34#34: exit
2023/11/26 12:19:21 [notice] 37#37: gracefully shutting down
2023/11/26 12:19:21 [notice] 37#37: exiting
2023/11/26 12:19:21 [notice] 37#37: exit
2023/11/26 12:19:21 [notice] 33#33: gracefully shutting down
2023/11/26 12:19:21 [notice] 33#33: exiting
2023/11/26 12:19:21 [notice] 33#33: exit
2023/11/26 12:19:21 [notice] 31#31: gracefully shutting down
2023/11/26 12:19:21 [notice] 31#31: exiting
2023/11/26 12:19:21 [notice] 31#31: exit
2023/11/26 12:19:21 [notice] 38#38: gracefully shutting down
2023/11/26 12:19:21 [notice] 40#40: gracefully shutting down
2023/11/26 12:19:21 [notice] 38#38: exiting
2023/11/26 12:19:21 [notice] 40#40: exiting
2023/11/26 12:19:21 [notice] 38#38: exit
2023/11/26 12:19:21 [notice] 40#40: exit
2023/11/26 12:19:21 [notice] 1#1: signal 17 (SIGCHLD) received from 39
2023/11/26 12:19:21 [notice] 1#1: worker process 39 exited with code 0
2023/11/26 12:19:21 [notice] 1#1: signal 29 (SIGIO) received
2023/11/26 12:19:21 [notice] 1#1: signal 17 (SIGCHLD) received from 30
2023/11/26 12:19:21 [notice] 1#1: worker process 30 exited with code 0
2023/11/26 12:19:21 [notice] 1#1: worker process 31 exited with code 0
2023/11/26 12:19:21 [notice] 1#1: worker process 37 exited with code 0
2023/11/26 12:19:21 [notice] 1#1: signal 29 (SIGIO) received
2023/11/26 12:19:21 [notice] 1#1: signal 17 (SIGCHLD) received from 31
2023/11/26 12:19:21 [notice] 1#1: signal 17 (SIGCHLD) received from 34
2023/11/26 12:19:21 [notice] 1#1: worker process 34 exited with code 0
2023/11/26 12:19:21 [notice] 1#1: signal 29 (SIGIO) received
2023/11/26 12:19:21 [notice] 1#1: signal 17 (SIGCHLD) received from 29
2023/11/26 12:19:21 [notice] 1#1: worker process 29 exited with code 0
2023/11/26 12:19:21 [notice] 1#1: worker process 32 exited with code 0
2023/11/26 12:19:21 [notice] 1#1: signal 29 (SIGIO) received
2023/11/26 12:19:21 [notice] 1#1: signal 17 (SIGCHLD) received from 33
2023/11/26 12:19:21 [notice] 1#1: worker process 33 exited with code 0
2023/11/26 12:19:21 [notice] 1#1: signal 29 (SIGIO) received
2023/11/26 12:19:21 [notice] 1#1: signal 17 (SIGCHLD) received from 40
2023/11/26 12:19:21 [notice] 1#1: worker process 40 exited with code 0
2023/11/26 12:19:21 [notice] 1#1: signal 29 (SIGIO) received
2023/11/26 12:19:21 [notice] 1#1: signal 17 (SIGCHLD) received from 36
2023/11/26 12:19:21 [notice] 1#1: worker process 36 exited with code 0
2023/11/26 12:19:21 [notice] 1#1: signal 29 (SIGIO) received
2023/11/26 12:19:21 [notice] 1#1: signal 17 (SIGCHLD) received from 38
2023/11/26 12:19:21 [notice] 1#1: worker process 38 exited with code 0
2023/11/26 12:19:21 [notice] 1#1: signal 29 (SIGIO) received
2023/11/26 12:19:21 [notice] 1#1: signal 17 (SIGCHLD) received from 35
2023/11/26 12:19:21 [notice] 1#1: worker process 35 exited with code 0
2023/11/26 12:19:21 [notice] 1#1: exit
2023/11/26 12:19:42 [notice] 1#1: using the "epoll" event method
2023/11/26 12:19:42 [notice] 1#1: nginx/1.24.0
2023/11/26 12:19:42 [notice] 1#1: built by gcc 10.2.1 20210110 (Debian 10.2.1-6) 
2023/11/26 12:19:42 [notice] 1#1: OS: Linux 6.2.0-36-generic
2023/11/26 12:19:42 [notice] 1#1: getrlimit(RLIMIT_NOFILE): 1048576:1048576
2023/11/26 12:19:42 [notice] 1#1: start worker processes
2023/11/26 12:19:42 [notice] 1#1: start worker process 29
2023/11/26 12:19:42 [notice] 1#1: start worker process 30
2023/11/26 12:19:42 [notice] 1#1: start worker process 31
2023/11/26 12:19:42 [notice] 1#1: start worker process 32
2023/11/26 12:19:42 [notice] 1#1: start worker process 33
2023/11/26 12:19:42 [notice] 1#1: start worker process 34
2023/11/26 12:19:42 [notice] 1#1: start worker process 35
2023/11/26 12:19:42 [notice] 1#1: start worker process 36
2023/11/26 12:19:42 [notice] 1#1: start worker process 37
2023/11/26 12:19:42 [notice] 1#1: start worker process 38
2023/11/26 12:19:42 [notice] 1#1: start worker process 39
2023/11/26 12:19:42 [notice] 1#1: start worker process 40
2023/11/26 12:20:32 [error] 29#29: *1 directory index of "/usr/share/nginx/html/" is forbidden, client: 192.168.144.1, server: localhost, request: "GET / HTTP/1.1", host: "localhost"
2023/11/26 12:20:32 [error] 29#29: *1 open() "/usr/share/nginx/html/favicon.ico" failed (2: No such file or directory), client: 192.168.144.1, server: localhost, request: "GET /favicon.ico HTTP/1.1", host: "localhost", referrer: "http://localhost/"
2023/11/26 12:25:35 [notice] 1#1: signal 3 (SIGQUIT) received, shutting down
2023/11/26 12:25:35 [notice] 29#29: gracefully shutting down
2023/11/26 12:25:35 [notice] 30#30: gracefully shutting down
2023/11/26 12:25:35 [notice] 31#31: gracefully shutting down
2023/11/26 12:25:35 [notice] 29#29: exiting
2023/11/26 12:25:35 [notice] 30#30: exiting
2023/11/26 12:25:35 [notice] 34#34: gracefully shutting down
2023/11/26 12:25:35 [notice] 31#31: exiting
2023/11/26 12:25:35 [notice] 38#38: gracefully shutting down
2023/11/26 12:25:35 [notice] 34#34: exiting
2023/11/26 12:25:35 [notice] 33#33: gracefully shutting down
2023/11/26 12:25:35 [notice] 32#32: gracefully shutting down
2023/11/26 12:25:35 [notice] 29#29: exit
2023/11/26 12:25:35 [notice] 30#30: exit
2023/11/26 12:25:35 [notice] 38#38: exiting
2023/11/26 12:25:35 [notice] 31#31: exit
2023/11/26 12:25:35 [notice] 34#34: exit
2023/11/26 12:25:35 [notice] 33#33: exiting
2023/11/26 12:25:35 [notice] 32#32: exiting
2023/11/26 12:25:35 [notice] 38#38: exit
2023/11/26 12:25:35 [notice] 33#33: exit
2023/11/26 12:25:35 [notice] 32#32: exit
2023/11/26 12:25:35 [notice] 40#40: gracefully shutting down
2023/11/26 12:25:35 [notice] 39#39: gracefully shutting down
2023/11/26 12:25:35 [notice] 40#40: exiting
2023/11/26 12:25:35 [notice] 39#39: exiting
2023/11/26 12:25:35 [notice] 40#40: exit
2023/11/26 12:25:35 [notice] 39#39: exit
2023/11/26 12:25:35 [notice] 35#35: gracefully shutting down
2023/11/26 12:25:35 [notice] 35#35: exiting
2023/11/26 12:25:35 [notice] 36#36: gracefully shutting down
2023/11/26 12:25:35 [notice] 36#36: exiting
2023/11/26 12:25:35 [notice] 35#35: exit
2023/11/26 12:25:35 [notice] 36#36: exit
2023/11/26 12:25:35 [notice] 37#37: gracefully shutting down
2023/11/26 12:25:35 [notice] 37#37: exiting
2023/11/26 12:25:35 [notice] 37#37: exit
2023/11/26 12:25:35 [notice] 1#1: signal 17 (SIGCHLD) received from 33
2023/11/26 12:25:35 [notice] 1#1: worker process 33 exited with code 0
2023/11/26 12:25:35 [notice] 1#1: signal 29 (SIGIO) received
2023/11/26 12:25:35 [notice] 1#1: signal 17 (SIGCHLD) received from 29
2023/11/26 12:25:35 [notice] 1#1: worker process 29 exited with code 0
2023/11/26 12:25:35 [notice] 1#1: signal 29 (SIGIO) received
2023/11/26 12:25:35 [notice] 1#1: signal 17 (SIGCHLD) received from 30
2023/11/26 12:25:35 [notice] 1#1: worker process 30 exited with code 0
2023/11/26 12:25:35 [notice] 1#1: signal 29 (SIGIO) received
2023/11/26 12:25:35 [notice] 1#1: signal 17 (SIGCHLD) received from 35
2023/11/26 12:25:35 [notice] 1#1: worker process 35 exited with code 0
2023/11/26 12:25:35 [notice] 1#1: signal 29 (SIGIO) received
2023/11/26 12:25:35 [notice] 1#1: signal 17 (SIGCHLD) received from 40
2023/11/26 12:25:35 [notice] 1#1: worker process 38 exited with code 0
2023/11/26 12:25:35 [notice] 1#1: worker process 40 exited with code 0
2023/11/26 12:25:35 [notice] 1#1: signal 29 (SIGIO) received
2023/11/26 12:25:35 [notice] 1#1: signal 17 (SIGCHLD) received from 38
2023/11/26 12:25:35 [notice] 1#1: signal 17 (SIGCHLD) received from 32
2023/11/26 12:25:35 [notice] 1#1: worker process 32 exited with code 0
2023/11/26 12:25:35 [notice] 1#1: signal 29 (SIGIO) received
2023/11/26 12:25:35 [notice] 1#1: signal 17 (SIGCHLD) received from 31
2023/11/26 12:25:35 [notice] 1#1: worker process 31 exited with code 0
2023/11/26 12:25:35 [notice] 1#1: worker process 37 exited with code 0
2023/11/26 12:25:35 [notice] 1#1: worker process 39 exited with code 0
2023/11/26 12:25:35 [notice] 1#1: signal 29 (SIGIO) received
2023/11/26 12:25:35 [notice] 1#1: signal 17 (SIGCHLD) received from 39
2023/11/26 12:25:35 [notice] 1#1: signal 17 (SIGCHLD) received from 36
2023/11/26 12:25:35 [notice] 1#1: worker process 36 exited with code 0
2023/11/26 12:25:35 [notice] 1#1: signal 29 (SIGIO) received
2023/11/26 12:25:35 [notice] 1#1: signal 17 (SIGCHLD) received from 34
2023/11/26 12:25:35 [notice] 1#1: worker process 34 exited with code 0
2023/11/26 12:25:35 [notice] 1#1: exit
2023/11/26 12:35:09 [error] 29#29: *31 open() "/usr/share/nginx/html404" failed (2: No such file or directory), client: 192.168.160.1, server: , request: "GET /in.php HTTP/1.1", host: "localhost"
2024/04/09 06:15:49 [emerg] 29#29: no "events" section in configuration
2024/04/09 06:16:20 [emerg] 1#1: no "events" section in configuration
2024/04/19 08:21:20 [error] 22#22: *234 open() "/usr/share/nginx/html404" failed (2: No such file or directory), client: 172.19.0.1, server: , request: "GET /admin.php HTTP/1.1", host: "localhost", referrer: "http://localhost/popup.php"
